In file included from /home/lsh/dfcpp/dfcpp/DFV.hpp:13,
                 from /home/lsh/dfcpp/dfcpp/Graph.hpp:8,
                 from /home/lsh/dfcpp/dfcpp/DFGraph.hpp:8,
                 from /home/lsh/dfcpp/dfcpp/Executor.hpp:8,
                 from /home/lsh/dfcpp/dfcpp/dfcpp.hpp:8,
                 from /home/lsh/dfcpp/examples/dis_example/executor/benchmark/linear1.cpp:12:
/home/lsh/dfcpp/dfcpp/global.hpp: In member function ‘void DFCPP::Global::set_dfv_write(std::vector<int>, std::vector<CharType>)’:
/home/lsh/dfcpp/dfcpp/global.hpp:74:22: warning: invalid use of incomplete type ‘class DFCPP::DFVComm’
   74 |         (_dfvs.at(i))->set_data(data);
      |                      ^~
/home/lsh/dfcpp/dfcpp/global.hpp:24:9: note: forward declaration of ‘class DFCPP::DFVComm’
   24 |   class DFVComm;
      |         ^~~~~~~
/home/lsh/dfcpp/dfcpp/global.hpp:76:33: warning: invalid use of incomplete type ‘class DFCPP::DFVComm’
   76 |         for(auto n : _dfvs.at(i)->_nodes){
      |                                 ^~
/home/lsh/dfcpp/dfcpp/global.hpp:24:9: note: forward declaration of ‘class DFCPP::DFVComm’
   24 |   class DFVComm;
      |         ^~~~~~~
/home/lsh/dfcpp/dfcpp/global.hpp: In member function ‘void DFCPP::Global::get_dfv_value(std::vector<int>, std::vector<CharType>&)’:
/home/lsh/dfcpp/dfcpp/global.hpp:88:34: warning: invalid use of incomplete type ‘class DFCPP::DFVComm’
   88 |           void* ptr = _dfvs.at(i)->get_data();
      |                                  ^~
/home/lsh/dfcpp/dfcpp/global.hpp:24:9: note: forward declaration of ‘class DFCPP::DFVComm’
   24 |   class DFVComm;
      |         ^~~~~~~
/home/lsh/dfcpp/examples/dis_example/executor/benchmark/linear1.cpp: In function ‘double measure(int)’:
/home/lsh/dfcpp/examples/dis_example/executor/benchmark/linear1.cpp:83:1: warning: no return statement in function returning non-void [-Wreturn-type]
   83 | }
      | ^
/home/lsh/dfcpp/examples/dis_example/executor/benchmark/linear1.cpp: In function ‘int main(int, char**)’:
/home/lsh/dfcpp/examples/dis_example/executor/benchmark/linear1.cpp:166:13: error: ‘graph’ was not declared in this scope
  166 |             graph.cre_new_graph(task_index);
      |             ^~~~~
make[2]: *** [dis_example/executor/benchmark/CMakeFiles/linear1.dir/build.make:63: dis_example/executor/benchmark/CMakeFiles/linear1.dir/linear1.cpp.o] Error 1
make[1]: *** [CMakeFiles/Makefile2:672: dis_example/executor/benchmark/CMakeFiles/linear1.dir/all] Error 2
make: *** [Makefile:84: all] Error 2
